<?xml version="1.0" encoding="UTF-8"?>
<testng-results ignored="0" total="1" passed="1" failed="0" skipped="0">
  <reporter-output>
  </reporter-output>
  <suite started-at="2019-11-26T18:55:54 IST" name="Default suite" finished-at="2019-11-26T18:55:55 IST" duration-ms="1831">
    <groups>
    </groups>
    <test started-at="2019-11-26T18:55:54 IST" name="Default test" finished-at="2019-11-26T18:55:55 IST" duration-ms="1831">
      <class name="com.atmecs.test.PolicyEffectiveDateTest">
        <test-method signature="testDate()[pri:0, instance:com.atmecs.test.PolicyEffectiveDateTest@a4102b8]" started-at="2019-11-26T18:55:54 IST" name="testDate" finished-at="2019-11-26T18:55:55 IST" duration-ms="1751" status="PASS">
          <reporter-output>
          </reporter-output>
        </test-method> <!-- testDate -->
      </class> <!-- com.atmecs.test.PolicyEffectiveDateTest -->
    </test> <!-- Default test -->
  </suite> <!-- Default suite -->
</testng-results>
